# JRE version: OpenJDK Runtime Environment (8.0_152-b06) (build 1.8.0_152-release-1136-b06)
# Java VM: OpenJDK 64-Bit Server VM (25.152-b06 mixed mode linux-amd64 compressed oops)
Heap:
 PSYoungGen      total 369152K, used 0K [0x00000000e0000000, 0x0000000100000000, 0x0000000100000000)
  eden space 256000K, 0% used [0x00000000e0000000,0x00000000e0000000,0x00000000efa00000)
  from space 113152K, 0% used [0x00000000f9180000,0x00000000f9180000,0x0000000100000000)
  to   space 134144K, 0% used [0x00000000efa00000,0x00000000efa00000,0x00000000f7d00000)
 ParOldGen       total 248832K, used 129056K [0x00000000a0000000, 0x00000000af300000, 0x00000000e0000000)
  object space 248832K, 51% used [0x00000000a0000000,0x00000000a7e08058,0x00000000af300000)
 Metaspace       used 223696K, capacity 235111K, committed 243376K, reserved 1261568K
  class space    used 27393K, capacity 29551K, committed 30896K, reserved 1048576K
GC Heap History (10 events):
Event: 21547.886 GC heap after
Heap after GC invocations=84 (full 8):
 PSYoungGen      total 410112K, used 64212K [0x00000000e0000000, 0x0000000100000000, 0x0000000100000000)
  eden space 302080K, 0% used [0x00000000e0000000,0x00000000e0000000,0x00000000f2700000)
  from space 108032K, 59% used [0x00000000f9680000,0x00000000fd535290,0x0000000100000000)
  to   space 111104K, 0% used [0x00000000f2700000,0x00000000f2700000,0x00000000f9380000)
 ParOldGen       total 248832K, used 163652K [0x00000000a0000000, 0x00000000af300000, 0x00000000e0000000)
  object space 248832K, 65% used [0x00000000a0000000,0x00000000a9fd1040,0x00000000af300000)
 Metaspace       used 223484K, capacity 235267K, committed 236976K, reserved 1255424K
  class space    used 27417K, capacity 29774K, committed 30128K, reserved 1048576K
}
Event: 21549.680 GC heap before
{Heap before GC invocations=85 (full 8):
 PSYoungGen      total 410112K, used 366246K [0x00000000e0000000, 0x0000000100000000, 0x0000000100000000)
  eden space 302080K, 99% used [0x00000000e0000000,0x00000000f26f4778,0x00000000f2700000)
  from space 108032K, 59% used [0x00000000f9680000,0x00000000fd535290,0x0000000100000000)
  to   space 111104K, 0% used [0x00000000f2700000,0x00000000f2700000,0x00000000f9380000)
 ParOldGen       total 248832K, used 163652K [0x00000000a0000000, 0x00000000af300000, 0x00000000e0000000)
  object space 248832K, 65% used [0x00000000a0000000,0x00000000a9fd1040,0x00000000af300000)
 Metaspace       used 223617K, capacity 235421K, committed 237104K, reserved 1255424K
  class space    used 27433K, capacity 29817K, committed 30256K, reserved 1048576K
Event: 21549.690 GC heap after
Heap after GC invocations=85 (full 8):
 PSYoungGen      total 413184K, used 10651K [0x00000000e0000000, 0x00000000ffe00000, 0x0000000100000000)
  eden space 302080K, 0% used [0x00000000e0000000,0x00000000e0000000,0x00000000f2700000)
  from space 111104K, 9% used [0x00000000f2700000,0x00000000f3166ef8,0x00000000f9380000)
  to   space 108544K, 0% used [0x00000000f9400000,0x00000000f9400000,0x00000000ffe00000)
 ParOldGen       total 248832K, used 164428K [0x00000000a0000000, 0x00000000af300000, 0x00000000e0000000)
  object space 248832K, 66% used [0x00000000a0000000,0x00000000aa093050,0x00000000af300000)
 Metaspace       used 223617K, capacity 235421K, committed 237104K, reserved 1255424K
  class space    used 27433K, capacity 29817K, committed 30256K, reserved 1048576K
}
Event: 21738.135 GC heap before
{Heap before GC invocations=86 (full 8):
 PSYoungGen      total 413184K, used 312731K [0x00000000e0000000, 0x00000000ffe00000, 0x0000000100000000)
  eden space 302080K, 100% used [0x00000000e0000000,0x00000000f2700000,0x00000000f2700000)
  from space 111104K, 9% used [0x00000000f2700000,0x00000000f3166ef8,0x00000000f9380000)
  to   space 108544K, 0% used [0x00000000f9400000,0x00000000f9400000,0x00000000ffe00000)
 ParOldGen       total 248832K, used 164428K [0x00000000a0000000, 0x00000000af300000, 0x00000000e0000000)
  object space 248832K, 66% used [0x00000000a0000000,0x00000000aa093050,0x00000000af300000)
 Metaspace       used 224181K, capacity 236241K, committed 237616K, reserved 1257472K
  class space    used 27532K, capacity 29933K, committed 30256K, reserved 1048576K
Event: 21738.152 GC heap after
Heap after GC invocations=86 (full 8):
 PSYoungGen      total 408576K, used 6709K [0x00000000e0000000, 0x00000000ff980000, 0x0000000100000000)
  eden space 304640K, 0% used [0x00000000e0000000,0x00000000e0000000,0x00000000f2980000)
  from space 103936K, 6% used [0x00000000f9400000,0x00000000f9a8d488,0x00000000ff980000)
  to   space 106496K, 0% used [0x00000000f2980000,0x00000000f2980000,0x00000000f9180000)
 ParOldGen       total 248832K, used 165452K [0x00000000a0000000, 0x00000000af300000, 0x00000000e0000000)
  object space 248832K, 66% used [0x00000000a0000000,0x00000000aa193170,0x00000000af300000)
 Metaspace       used 224181K, capacity 236241K, committed 237616K, reserved 1257472K
  class space    used 27532K, capacity 29933K, committed 30256K, reserved 1048576K
}
Event: 21741.357 GC heap before
{Heap before GC invocations=87 (full 8):
 PSYoungGen      total 408576K, used 311349K [0x00000000e0000000, 0x00000000ff980000, 0x0000000100000000)
  eden space 304640K, 100% used [0x00000000e0000000,0x00000000f2980000,0x00000000f2980000)
  from space 103936K, 6% used [0x00000000f9400000,0x00000000f9a8d488,0x00000000ff980000)
  to   space 106496K, 0% used [0x00000000f2980000,0x00000000f2980000,0x00000000f9180000)
 ParOldGen       total 248832K, used 165452K [0x00000000a0000000, 0x00000000af300000, 0x00000000e0000000)
  object space 248832K, 66% used [0x00000000a0000000,0x00000000aa193170,0x00000000af300000)
 Metaspace       used 229772K, capacity 241991K, committed 243120K, reserved 1261568K
  class space    used 28132K, capacity 30566K, committed 30896K, reserved 1048576K
Event: 21741.486 GC heap after
Heap after GC invocations=87 (full 8):
 PSYoungGen      total 411136K, used 106495K [0x00000000e0000000, 0x0000000100000000, 0x0000000100000000)
  eden space 304640K, 0% used [0x00000000e0000000,0x00000000e0000000,0x00000000f2980000)
  from space 106496K, 99% used [0x00000000f2980000,0x00000000f917fcc0,0x00000000f9180000)
  to   space 113152K, 0% used [0x00000000f9180000,0x00000000f9180000,0x0000000100000000)
 ParOldGen       total 248832K, used 199296K [0x00000000a0000000, 0x00000000af300000, 0x00000000e0000000)
  object space 248832K, 80% used [0x00000000a0000000,0x00000000ac2a02a0,0x00000000af300000)
 Metaspace       used 229772K, capacity 241991K, committed 243120K, reserved 1261568K
  class space    used 28132K, capacity 30566K, committed 30896K, reserved 1048576K
}
Event: 21748.779 GC heap before
{Heap before GC invocations=88 (full 8):
 PSYoungGen      total 411136K, used 411135K [0x00000000e0000000, 0x0000000100000000, 0x0000000100000000)
  eden space 304640K, 100% used [0x00000000e0000000,0x00000000f2980000,0x00000000f2980000)
  from space 106496K, 99% used [0x00000000f2980000,0x00000000f917fcc0,0x00000000f9180000)
  to   space 113152K, 0% used [0x00000000f9180000,0x00000000f9180000,0x0000000100000000)
 ParOldGen       total 248832K, used 199296K [0x00000000a0000000, 0x00000000af300000, 0x00000000e0000000)
  object space 248832K, 80% used [0x00000000a0000000,0x00000000ac2a02a0,0x00000000af300000)
 Metaspace       used 229972K, capacity 242243K, committed 243376K, reserved 1261568K
  class space    used 28145K, capacity 30582K, committed 30896K, reserved 1048576K
Event: 21748.858 GC heap after
Heap after GC invocations=88 (full 8):
 PSYoungGen      total 369152K, used 15888K [0x00000000e0000000, 0x0000000100000000, 0x0000000100000000)
  eden space 256000K, 0% used [0x00000000e0000000,0x00000000e0000000,0x00000000efa00000)
  from space 113152K, 14% used [0x00000000f9180000,0x00000000fa1043e0,0x0000000100000000)
  to   space 134144K, 0% used [0x00000000efa00000,0x00000000efa00000,0x00000000f7d00000)
 ParOldGen       total 248832K, used 247224K [0x00000000a0000000, 0x00000000af300000, 0x00000000e0000000)
  object space 248832K, 99% used [0x00000000a0000000,0x00000000af16e320,0x00000000af300000)
 Metaspace       used 229972K, capacity 242243K, committed 243376K, reserved 1261568K
  class space    used 28145K, capacity 30582K, committed 30896K, reserved 1048576K
}
Event: 21748.869 GC heap before
{Heap before GC invocations=89 (full 9):
 PSYoungGen      total 369152K, used 15888K [0x00000000e0000000, 0x0000000100000000, 0x0000000100000000)
  eden space 256000K, 0% used [0x00000000e0000000,0x00000000e0000000,0x00000000efa00000)
  from space 113152K, 14% used [0x00000000f9180000,0x00000000fa1043e0,0x0000000100000000)
  to   space 134144K, 0% used [0x00000000efa00000,0x00000000efa00000,0x00000000f7d00000)
 ParOldGen       total 248832K, used 247224K [0x00000000a0000000, 0x00000000af300000, 0x00000000e0000000)
  object space 248832K, 99% used [0x00000000a0000000,0x00000000af16e320,0x00000000af300000)
 Metaspace       used 229972K, capacity 242243K, committed 243376K, reserved 1261568K
  class space    used 28145K, capacity 30582K, committed 30896K, reserved 1048576K

