# JRE version: OpenJDK Runtime Environment (8.0_152-b01) (build 1.8.0_152-release-1248-b01)
# Java VM: OpenJDK 64-Bit Server VM (25.152-b01 mixed mode linux-amd64 compressed oops)
Heap:
 PSYoungGen      total 248832K, used 0K [0x00000000e0000000, 0x00000000ff900000, 0x0000000100000000)
  eden space 197632K, 0% used [0x00000000e0000000,0x00000000e0000000,0x00000000ec100000)
  from space 51200K, 0% used [0x00000000ec100000,0x00000000ec100000,0x00000000ef300000)
  to   space 158208K, 0% used [0x00000000f5e80000,0x00000000f5e80000,0x00000000ff900000)
 ParOldGen       total 380416K, used 161371K [0x00000000a0000000, 0x00000000b7380000, 0x00000000e0000000)
  object space 380416K, 42% used [0x00000000a0000000,0x00000000a9d96da8,0x00000000b7380000)
 Metaspace       used 113177K, capacity 119166K, committed 121368K, reserved 1155072K
  class space    used 13874K, capacity 14973K, committed 15408K, reserved 1048576K
GC Heap History (10 events):
Event: 9404.096 GC heap after
Heap after GC invocations=87 (full 8):
 PSYoungGen      total 372736K, used 70288K [0x00000000e0000000, 0x0000000100000000, 0x0000000100000000)
  eden space 221184K, 0% used [0x00000000e0000000,0x00000000e0000000,0x00000000ed800000)
  from space 151552K, 46% used [0x00000000ed800000,0x00000000f1ca4018,0x00000000f6c00000)
  to   space 146432K, 0% used [0x00000000f7100000,0x00000000f7100000,0x0000000100000000)
 ParOldGen       total 380416K, used 275524K [0x00000000a0000000, 0x00000000b7380000, 0x00000000e0000000)
  object space 380416K, 72% used [0x00000000a0000000,0x00000000b0d11010,0x00000000b7380000)
 Metaspace       used 114508K, capacity 121110K, committed 121368K, reserved 1155072K
  class space    used 14163K, capacity 15396K, committed 15408K, reserved 1048576K
}
Event: 9404.465 GC heap before
{Heap before GC invocations=88 (full 8):
 PSYoungGen      total 372736K, used 291472K [0x00000000e0000000, 0x0000000100000000, 0x0000000100000000)
  eden space 221184K, 100% used [0x00000000e0000000,0x00000000ed800000,0x00000000ed800000)
  from space 151552K, 46% used [0x00000000ed800000,0x00000000f1ca4018,0x00000000f6c00000)
  to   space 146432K, 0% used [0x00000000f7100000,0x00000000f7100000,0x0000000100000000)
 ParOldGen       total 380416K, used 275524K [0x00000000a0000000, 0x00000000b7380000, 0x00000000e0000000)
  object space 380416K, 72% used [0x00000000a0000000,0x00000000b0d11010,0x00000000b7380000)
 Metaspace       used 114508K, capacity 121110K, committed 121368K, reserved 1155072K
  class space    used 14163K, capacity 15396K, committed 15408K, reserved 1048576K
Event: 9404.562 GC heap after
Heap after GC invocations=88 (full 8):
 PSYoungGen      total 371712K, used 93275K [0x00000000e0000000, 0x0000000100000000, 0x0000000100000000)
  eden space 225280K, 0% used [0x00000000e0000000,0x00000000e0000000,0x00000000edc00000)
  from space 146432K, 63% used [0x00000000f7100000,0x00000000fcc16ca0,0x0000000100000000)
  to   space 149504K, 0% used [0x00000000edc00000,0x00000000edc00000,0x00000000f6e00000)
 ParOldGen       total 380416K, used 276036K [0x00000000a0000000, 0x00000000b7380000, 0x00000000e0000000)
  object space 380416K, 72% used [0x00000000a0000000,0x00000000b0d91030,0x00000000b7380000)
 Metaspace       used 114508K, capacity 121110K, committed 121368K, reserved 1155072K
  class space    used 14163K, capacity 15396K, committed 15408K, reserved 1048576K
}
Event: 9410.078 GC heap before
{Heap before GC invocations=89 (full 8):
 PSYoungGen      total 371712K, used 318555K [0x00000000e0000000, 0x0000000100000000, 0x0000000100000000)
  eden space 225280K, 100% used [0x00000000e0000000,0x00000000edc00000,0x00000000edc00000)
  from space 146432K, 63% used [0x00000000f7100000,0x00000000fcc16ca0,0x0000000100000000)
  to   space 149504K, 0% used [0x00000000edc00000,0x00000000edc00000,0x00000000f6e00000)
 ParOldGen       total 380416K, used 276036K [0x00000000a0000000, 0x00000000b7380000, 0x00000000e0000000)
  object space 380416K, 72% used [0x00000000a0000000,0x00000000b0d91030,0x00000000b7380000)
 Metaspace       used 114509K, capacity 121110K, committed 121368K, reserved 1155072K
  class space    used 14163K, capacity 15396K, committed 15408K, reserved 1048576K
Event: 9410.267 GC heap after
Heap after GC invocations=89 (full 8):
 PSYoungGen      total 342016K, used 116303K [0x00000000e0000000, 0x0000000100000000, 0x0000000100000000)
  eden space 225280K, 0% used [0x00000000e0000000,0x00000000e0000000,0x00000000edc00000)
  from space 116736K, 99% used [0x00000000edc00000,0x00000000f4d93dd8,0x00000000f4e00000)
  to   space 160256K, 0% used [0x00000000f6380000,0x00000000f6380000,0x0000000100000000)
 ParOldGen       total 380416K, used 285262K [0x00000000a0000000, 0x00000000b7380000, 0x00000000e0000000)
  object space 380416K, 74% used [0x00000000a0000000,0x00000000b16939f0,0x00000000b7380000)
 Metaspace       used 114509K, capacity 121110K, committed 121368K, reserved 1155072K
  class space    used 14163K, capacity 15396K, committed 15408K, reserved 1048576K
}
Event: 9413.047 GC heap before
{Heap before GC invocations=90 (full 8):
 PSYoungGen      total 342016K, used 341583K [0x00000000e0000000, 0x0000000100000000, 0x0000000100000000)
  eden space 225280K, 100% used [0x00000000e0000000,0x00000000edc00000,0x00000000edc00000)
  from space 116736K, 99% used [0x00000000edc00000,0x00000000f4d93dd8,0x00000000f4e00000)
  to   space 160256K, 0% used [0x00000000f6380000,0x00000000f6380000,0x0000000100000000)
 ParOldGen       total 380416K, used 285262K [0x00000000a0000000, 0x00000000b7380000, 0x00000000e0000000)
  object space 380416K, 74% used [0x00000000a0000000,0x00000000b16939f0,0x00000000b7380000)
 Metaspace       used 114534K, capacity 121114K, committed 121368K, reserved 1155072K
  class space    used 14163K, capacity 15396K, committed 15408K, reserved 1048576K
Event: 9413.313 GC heap after
Heap after GC invocations=90 (full 8):
 PSYoungGen      total 357888K, used 102361K [0x00000000e0000000, 0x0000000100000000, 0x0000000100000000)
  eden space 197632K, 0% used [0x00000000e0000000,0x00000000e0000000,0x00000000ec100000)
  from space 160256K, 63% used [0x00000000f6380000,0x00000000fc776760,0x0000000100000000)
  to   space 163328K, 0% used [0x00000000ec100000,0x00000000ec100000,0x00000000f6080000)
 ParOldGen       total 380416K, used 307255K [0x00000000a0000000, 0x00000000b7380000, 0x00000000e0000000)
  object space 380416K, 80% used [0x00000000a0000000,0x00000000b2c0df80,0x00000000b7380000)
 Metaspace       used 114534K, capacity 121114K, committed 121368K, reserved 1155072K
  class space    used 14163K, capacity 15396K, committed 15408K, reserved 1048576K
}
Event: 9413.566 GC heap before
{Heap before GC invocations=91 (full 8):
 PSYoungGen      total 357888K, used 299993K [0x00000000e0000000, 0x0000000100000000, 0x0000000100000000)
  eden space 197632K, 100% used [0x00000000e0000000,0x00000000ec100000,0x00000000ec100000)
  from space 160256K, 63% used [0x00000000f6380000,0x00000000fc776760,0x0000000100000000)
  to   space 163328K, 0% used [0x00000000ec100000,0x00000000ec100000,0x00000000f6080000)
 ParOldGen       total 380416K, used 307255K [0x00000000a0000000, 0x00000000b7380000, 0x00000000e0000000)
  object space 380416K, 80% used [0x00000000a0000000,0x00000000b2c0df80,0x00000000b7380000)
 Metaspace       used 114534K, capacity 121114K, committed 121368K, reserved 1155072K
  class space    used 14163K, capacity 15396K, committed 15408K, reserved 1048576K
Event: 9416.267 GC heap after
Heap after GC invocations=91 (full 8):
 PSYoungGen      total 248832K, used 51154K [0x00000000e0000000, 0x00000000ff900000, 0x0000000100000000)
  eden space 197632K, 0% used [0x00000000e0000000,0x00000000e0000000,0x00000000ec100000)
  from space 51200K, 99% used [0x00000000ec100000,0x00000000ef2f4a68,0x00000000ef300000)
  to   space 158208K, 0% used [0x00000000f5e80000,0x00000000f5e80000,0x00000000ff900000)
 ParOldGen       total 380416K, used 354030K [0x00000000a0000000, 0x00000000b7380000, 0x00000000e0000000)
  object space 380416K, 93% used [0x00000000a0000000,0x00000000b59bb990,0x00000000b7380000)
 Metaspace       used 114534K, capacity 121114K, committed 121368K, reserved 1155072K
  class space    used 14163K, capacity 15396K, committed 15408K, reserved 1048576K
}
Event: 9416.500 GC heap before
{Heap before GC invocations=92 (full 9):
 PSYoungGen      total 248832K, used 51154K [0x00000000e0000000, 0x00000000ff900000, 0x0000000100000000)
  eden space 197632K, 0% used [0x00000000e0000000,0x00000000e0000000,0x00000000ec100000)
  from space 51200K, 99% used [0x00000000ec100000,0x00000000ef2f4a68,0x00000000ef300000)
  to   space 158208K, 0% used [0x00000000f5e80000,0x00000000f5e80000,0x00000000ff900000)
 ParOldGen       total 380416K, used 354030K [0x00000000a0000000, 0x00000000b7380000, 0x00000000e0000000)
  object space 380416K, 93% used [0x00000000a0000000,0x00000000b59bb990,0x00000000b7380000)
 Metaspace       used 114534K, capacity 121114K, committed 121368K, reserved 1155072K
  class space    used 14163K, capacity 15396K, committed 15408K, reserved 1048576K

